<?xml version="1.0" encoding="UTF-8"?>
<!-- Generated by org.testng.reporters.JUnitXMLReporter -->
<testsuite ignored="0" hostname="DarienK" failures="0" tests="5" name="Command line test" time="0.028" errors="0" timestamp="2020-06-12T17:44:27 MSK">
  <testcase classname="hw2.CalculatorTest" name="testGetDifference" time="0.002"/>
  <testcase classname="hw2.CalculatorTest" name="testGetProduct" time="0.0"/>
  <testcase classname="hw2.CalculatorTest" name="testGetQuotient" time="0.0"/>
  <testcase classname="hw2.CalculatorTest" name="testGetSquare" time="0.0"/>
  <testcase classname="hw2.CalculatorTest" name="testGetSum" time="0.0"/>
</testsuite> <!-- Command line test -->
