<?xml version="1.0" encoding="UTF-8" ?>
<testsuite tests="5" failures="0" name="hw2.CalculatorTest" time="0.004" errors="0" skipped="0">
  <properties>
[...]
</properties>
  <testcase classname="hw2.CalculatorTest" name="testGetDifference" time="0.004"/>
  <testcase classname="hw2.CalculatorTest" name="testGetProduct" time="0"/>
  <testcase classname="hw2.CalculatorTest" name="testGetQuotient" time="0"/>
  <testcase classname="hw2.CalculatorTest" name="testGetSquare" time="0"/>
  <testcase classname="hw2.CalculatorTest" name="testGetSum" time="0"/>
</testsuite>